2021-03-31 18:49:44.515512 (MainThread): Running with dbt=0.18.1
2021-03-31 18:49:44.799612 (MainThread): running dbt with arguments Namespace(cls=<class 'dbt.task.rpc.server.RPCServerTask'>, debug=False, defer=None, exclude=None, host='0.0.0.0', log_cache_events=False, log_format='default', models=None, partial_parse=True, port=8580, profile='user', profiles_dir='/usr/src/develop/.dbt', project_dir=None, record_timing_info=None, rpc_method=None, single_threaded=False, state=None, strict=False, target=None, test_new_parser=False, threads=None, use_cache=True, use_colors=None, vars='{}', version_check=True, warn_error=False, which='rpc', write_json=True)
2021-03-31 18:49:44.823788 (MainThread): Tracking: tracking
2021-03-31 18:49:44.823995 (MainThread): Sending event: {'category': 'dbt', 'action': 'invocation', 'label': 'start', 'context': [<snowplow_tracker.self_describing_json.SelfDescribingJson object at 0x7f5e131051f0>, <snowplow_tracker.self_describing_json.SelfDescribingJson object at 0x7f5e19f3a970>, <snowplow_tracker.self_describing_json.SelfDescribingJson object at 0x7f5e13125220>]}
2021-03-31 18:49:44.824322 (MainThread): Serving RPC server at 0.0.0.0:8580, pid=16
2021-03-31 18:49:44.824703 (MainThread): Supported methods: ['cli_args', 'compile', 'compile_sql', 'deps', 'docs.generate', 'gc', 'get-manifest', 'kill', 'poll', 'ps', 'run', 'run-operation', 'run_sql', 'seed', 'snapshot', 'snapshot-freshness', 'status', 'test']
2021-03-31 18:49:44.824973 (MainThread): Send requests to http://localhost:8580/jsonrpc
2021-03-31 18:49:44.832431 (Thread-1): Parsing macros/adapters.sql
2021-03-31 18:49:44.865413 (Thread-1): Parsing macros/catalog.sql
2021-03-31 18:49:44.867508 (Thread-1): Parsing macros/materializations/table.sql
2021-03-31 18:49:44.871490 (Thread-1): Parsing macros/materializations/merge.sql
2021-03-31 18:49:44.873571 (Thread-1): Parsing macros/materializations/incremental.sql
2021-03-31 18:49:44.883048 (Thread-1): Parsing macros/materializations/view.sql
2021-03-31 18:49:44.885309 (Thread-1): Parsing macros/core.sql
2021-03-31 18:49:44.888921 (Thread-1): Parsing macros/materializations/helpers.sql
2021-03-31 18:49:44.898630 (Thread-1): Parsing macros/materializations/common/merge.sql
2021-03-31 18:49:44.914088 (Thread-1): Parsing macros/materializations/snapshot/snapshot_merge.sql
2021-03-31 18:49:44.917135 (Thread-1): Parsing macros/materializations/snapshot/strategies.sql
2021-03-31 18:49:44.937398 (Thread-1): Parsing macros/materializations/snapshot/snapshot.sql
2021-03-31 18:49:44.972976 (Thread-1): Parsing macros/materializations/view/create_or_replace_view.sql
2021-03-31 18:49:44.981916 (Thread-1): Parsing macros/materializations/view/view.sql
2021-03-31 18:49:44.993512 (Thread-1): Parsing macros/materializations/seed/seed.sql
2021-03-31 18:49:45.017067 (Thread-1): Parsing macros/materializations/table/table.sql
2021-03-31 18:49:45.024671 (Thread-1): Parsing macros/materializations/incremental/helpers.sql
2021-03-31 18:49:45.027014 (Thread-1): Parsing macros/materializations/incremental/incremental.sql
2021-03-31 18:49:45.034386 (Thread-1): Parsing macros/etc/is_incremental.sql
2021-03-31 18:49:45.036466 (Thread-1): Parsing macros/etc/query.sql
2021-03-31 18:49:45.037754 (Thread-1): Parsing macros/etc/datetime.sql
2021-03-31 18:49:45.047181 (Thread-1): Parsing macros/etc/get_custom_alias.sql
2021-03-31 18:49:45.048584 (Thread-1): Parsing macros/etc/get_custom_database.sql
2021-03-31 18:49:45.050721 (Thread-1): Parsing macros/etc/get_custom_schema.sql
2021-03-31 18:49:45.052931 (Thread-1): Parsing macros/schema_tests/not_null.sql
2021-03-31 18:49:45.054999 (Thread-1): Parsing macros/schema_tests/accepted_values.sql
2021-03-31 18:49:45.058009 (Thread-1): Parsing macros/schema_tests/relationships.sql
2021-03-31 18:49:45.060098 (Thread-1): Parsing macros/schema_tests/unique.sql
2021-03-31 18:49:45.062043 (Thread-1): Parsing macros/adapters/common.sql
2021-03-31 18:49:45.393278 (Thread-1): [WARNING]: Configuration paths exist in your dbt_project.yml file which do not apply to any resources.
There are 1 unused configuration paths:
- models.jaffle_shop.example

2021-03-31 18:49:46.748001 (Thread-2): handling status request
2021-03-31 18:49:46.748439 (Thread-2): Sending event: {'category': 'dbt', 'action': 'rpc_request', 'label': '77bae4f6-9832-4458-8a6a-2d45ea8a8709', 'context': [<snowplow_tracker.self_describing_json.SelfDescribingJson object at 0x7f5e1280c370>]}
2021-03-31 18:49:46.752697 (Thread-2): sending response (<Response 8513 bytes [200 OK]>) to 10.0.0.221
2021-03-31 18:50:50.506544 (Thread-3): handling status request
2021-03-31 18:50:50.508851 (Thread-3): Sending event: {'category': 'dbt', 'action': 'rpc_request', 'label': '77bae4f6-9832-4458-8a6a-2d45ea8a8709', 'context': [<snowplow_tracker.self_describing_json.SelfDescribingJson object at 0x7f5e1280ce80>]}
2021-03-31 18:50:50.513313 (Thread-3): sending response (<Response 8513 bytes [200 OK]>) to 10.0.29.51
2021-03-31 18:50:50.662241 (Thread-4): handling status request
2021-03-31 18:50:50.662819 (Thread-4): Sending event: {'category': 'dbt', 'action': 'rpc_request', 'label': '77bae4f6-9832-4458-8a6a-2d45ea8a8709', 'context': [<snowplow_tracker.self_describing_json.SelfDescribingJson object at 0x7f5e12827be0>]}
2021-03-31 18:50:50.666259 (Thread-4): sending response (<Response 8513 bytes [200 OK]>) to 10.0.13.203
2021-03-31 18:50:52.484160 (Thread-5): handling cli_args request
2021-03-31 18:50:52.484815 (Thread-5): Sending event: {'category': 'dbt', 'action': 'rpc_request', 'label': '77bae4f6-9832-4458-8a6a-2d45ea8a8709', 'context': [<snowplow_tracker.self_describing_json.SelfDescribingJson object at 0x7f5e12800970>]}
2021-03-31 18:50:53.779629 (Thread-5): sending response (<Response 138 bytes [200 OK]>) to 10.0.24.4
2021-03-31 18:50:53.837525 (MainThread): Partial parsing not enabled
2021-03-31 18:50:53.838947 (MainThread): Parsing macros/adapters.sql
2021-03-31 18:50:53.870562 (MainThread): Parsing macros/catalog.sql
2021-03-31 18:50:53.872912 (MainThread): Parsing macros/materializations/table.sql
2021-03-31 18:50:53.877473 (MainThread): Parsing macros/materializations/merge.sql
2021-03-31 18:50:53.879803 (MainThread): Parsing macros/materializations/incremental.sql
2021-03-31 18:50:53.888961 (MainThread): Parsing macros/materializations/view.sql
2021-03-31 18:50:53.891409 (MainThread): Parsing macros/core.sql
2021-03-31 18:50:53.895152 (MainThread): Parsing macros/materializations/helpers.sql
2021-03-31 18:50:53.904135 (MainThread): Parsing macros/materializations/common/merge.sql
2021-03-31 18:50:53.918331 (MainThread): Parsing macros/materializations/snapshot/snapshot_merge.sql
2021-03-31 18:50:53.920280 (MainThread): Parsing macros/materializations/snapshot/strategies.sql
2021-03-31 18:50:53.937476 (MainThread): Parsing macros/materializations/snapshot/snapshot.sql
2021-03-31 18:50:53.967874 (MainThread): Parsing macros/materializations/view/create_or_replace_view.sql
2021-03-31 18:50:53.976080 (MainThread): Parsing macros/materializations/view/view.sql
2021-03-31 18:50:53.983274 (MainThread): Parsing macros/materializations/seed/seed.sql
2021-03-31 18:50:54.004534 (MainThread): Parsing macros/materializations/table/table.sql
2021-03-31 18:50:54.011482 (MainThread): Parsing macros/materializations/incremental/helpers.sql
2021-03-31 18:50:54.013378 (MainThread): Parsing macros/materializations/incremental/incremental.sql
2021-03-31 18:50:54.019511 (MainThread): Parsing macros/etc/is_incremental.sql
2021-03-31 18:50:54.021183 (MainThread): Parsing macros/etc/query.sql
2021-03-31 18:50:54.022301 (MainThread): Parsing macros/etc/datetime.sql
2021-03-31 18:50:54.031234 (MainThread): Parsing macros/etc/get_custom_alias.sql
2021-03-31 18:50:54.032334 (MainThread): Parsing macros/etc/get_custom_database.sql
2021-03-31 18:50:54.034241 (MainThread): Parsing macros/etc/get_custom_schema.sql
2021-03-31 18:50:54.036325 (MainThread): Parsing macros/schema_tests/not_null.sql
2021-03-31 18:50:54.038011 (MainThread): Parsing macros/schema_tests/accepted_values.sql
2021-03-31 18:50:54.040894 (MainThread): Parsing macros/schema_tests/relationships.sql
2021-03-31 18:50:54.042963 (MainThread): Parsing macros/schema_tests/unique.sql
2021-03-31 18:50:54.044900 (MainThread): Parsing macros/adapters/common.sql
2021-03-31 18:50:54.103123 (MainThread): Partial parsing not enabled
2021-03-31 18:50:54.255382 (MainThread): [WARNING]: Configuration paths exist in your dbt_project.yml file which do not apply to any resources.
There are 1 unused configuration paths:
- models.jaffle_shop.example

2021-03-31 18:50:54.273921 (MainThread): Found 0 models, 0 tests, 0 snapshots, 0 analyses, 143 macros, 0 operations, 0 seed files, 0 sources
2021-03-31 18:50:54.274448 (MainThread): WARNING: Nothing to do. Try checking your model configs and model specification args
2021-03-31 18:50:55.003010 (Thread-6): handling poll request
2021-03-31 18:50:55.003767 (Thread-6): Sending event: {'category': 'dbt', 'action': 'rpc_request', 'label': '77bae4f6-9832-4458-8a6a-2d45ea8a8709', 'context': [<snowplow_tracker.self_describing_json.SelfDescribingJson object at 0x7f5e13112790>]}
2021-03-31 18:50:55.010067 (Thread-6): sending response (<Response 10003 bytes [200 OK]>) to 10.0.40.149
2021-03-31 18:50:56.459619 (Thread-7): handling status request
2021-03-31 18:50:56.460042 (Thread-7): Sending event: {'category': 'dbt', 'action': 'rpc_request', 'label': '77bae4f6-9832-4458-8a6a-2d45ea8a8709', 'context': [<snowplow_tracker.self_describing_json.SelfDescribingJson object at 0x7f5e131127f0>]}
2021-03-31 18:50:56.463106 (Thread-7): sending response (<Response 8513 bytes [200 OK]>) to 10.0.37.7
2021-03-31 18:51:25.368332 (Thread-8): handling status request
2021-03-31 18:51:25.368823 (Thread-8): Sending event: {'category': 'dbt', 'action': 'rpc_request', 'label': '77bae4f6-9832-4458-8a6a-2d45ea8a8709', 'context': [<snowplow_tracker.self_describing_json.SelfDescribingJson object at 0x7f5e131127f0>]}
2021-03-31 18:51:25.372279 (Thread-8): sending response (<Response 8513 bytes [200 OK]>) to 10.0.44.81
2021-03-31 18:51:28.458040 (Thread-9): Parsing macros/adapters.sql
2021-03-31 18:51:28.492167 (Thread-9): Parsing macros/catalog.sql
2021-03-31 18:51:28.494258 (Thread-9): Parsing macros/materializations/table.sql
2021-03-31 18:51:28.498069 (Thread-9): Parsing macros/materializations/merge.sql
2021-03-31 18:51:28.500085 (Thread-9): Parsing macros/materializations/incremental.sql
2021-03-31 18:51:28.509040 (Thread-9): Parsing macros/materializations/view.sql
2021-03-31 18:51:28.511213 (Thread-9): Parsing macros/core.sql
2021-03-31 18:51:28.514918 (Thread-9): Parsing macros/materializations/helpers.sql
2021-03-31 18:51:28.523822 (Thread-9): Parsing macros/materializations/common/merge.sql
2021-03-31 18:51:28.538852 (Thread-9): Parsing macros/materializations/snapshot/snapshot_merge.sql
2021-03-31 18:51:28.540662 (Thread-9): Parsing macros/materializations/snapshot/strategies.sql
2021-03-31 18:51:28.557669 (Thread-9): Parsing macros/materializations/snapshot/snapshot.sql
2021-03-31 18:51:28.591619 (Thread-9): Parsing macros/materializations/view/create_or_replace_view.sql
2021-03-31 18:51:28.598500 (Thread-9): Parsing macros/materializations/view/view.sql
2021-03-31 18:51:28.610932 (Thread-9): Parsing macros/materializations/seed/seed.sql
2021-03-31 18:51:28.641823 (Thread-9): Parsing macros/materializations/table/table.sql
2021-03-31 18:51:28.649637 (Thread-9): Parsing macros/materializations/incremental/helpers.sql
2021-03-31 18:51:28.651571 (Thread-9): Parsing macros/materializations/incremental/incremental.sql
2021-03-31 18:51:28.659924 (Thread-9): Parsing macros/etc/is_incremental.sql
2021-03-31 18:51:28.668374 (Thread-9): Parsing macros/etc/query.sql
2021-03-31 18:51:28.669516 (Thread-9): Parsing macros/etc/datetime.sql
2021-03-31 18:51:28.678871 (Thread-9): Parsing macros/etc/get_custom_alias.sql
2021-03-31 18:51:28.679992 (Thread-9): Parsing macros/etc/get_custom_database.sql
2021-03-31 18:51:28.681747 (Thread-9): Parsing macros/etc/get_custom_schema.sql
2021-03-31 18:51:28.683836 (Thread-9): Parsing macros/schema_tests/not_null.sql
2021-03-31 18:51:28.685452 (Thread-9): Parsing macros/schema_tests/accepted_values.sql
2021-03-31 18:51:28.688199 (Thread-9): Parsing macros/schema_tests/relationships.sql
2021-03-31 18:51:28.690889 (Thread-9): Parsing macros/schema_tests/unique.sql
2021-03-31 18:51:28.693260 (Thread-9): Parsing macros/adapters/common.sql
2021-03-31 18:51:28.968280 (Thread-9): [WARNING]: Configuration paths exist in your dbt_project.yml file which do not apply to any resources.
There are 1 unused configuration paths:
- models.jaffle_shop.example

2021-03-31 18:51:29.000808 (Thread-10): handling status request
2021-03-31 18:51:29.001217 (Thread-10): Sending event: {'category': 'dbt', 'action': 'rpc_request', 'label': '77bae4f6-9832-4458-8a6a-2d45ea8a8709', 'context': [<snowplow_tracker.self_describing_json.SelfDescribingJson object at 0x7f5e11de2d90>]}
2021-03-31 18:51:29.005721 (Thread-10): sending response (<Response 8513 bytes [200 OK]>) to 10.0.20.123
2021-03-31 18:51:45.392591 (Thread-11): Got an acceptable cached parse result
2021-03-31 18:51:45.536542 (Thread-11): [WARNING]: Configuration paths exist in your dbt_project.yml file which do not apply to any resources.
There are 1 unused configuration paths:
- models.jaffle_shop.example

2021-03-31 18:51:46.236084 (Thread-12): handling status request
2021-03-31 18:51:46.236505 (Thread-12): Sending event: {'category': 'dbt', 'action': 'rpc_request', 'label': '77bae4f6-9832-4458-8a6a-2d45ea8a8709', 'context': [<snowplow_tracker.self_describing_json.SelfDescribingJson object at 0x7f5e11ea5340>]}
2021-03-31 18:51:46.237480 (Thread-12): sending response (<Response 874 bytes [200 OK]>) to 10.0.8.158
2021-03-31 18:52:25.698940 (Thread-13): handling status request
2021-03-31 18:52:25.701573 (Thread-13): Sending event: {'category': 'dbt', 'action': 'rpc_request', 'label': '77bae4f6-9832-4458-8a6a-2d45ea8a8709', 'context': [<snowplow_tracker.self_describing_json.SelfDescribingJson object at 0x7f5e11ea5460>]}
2021-03-31 18:52:25.702618 (Thread-13): sending response (<Response 874 bytes [200 OK]>) to 10.0.31.157
2021-03-31 18:52:29.010800 (Thread-14): Parsing macros/adapters.sql
2021-03-31 18:52:29.039407 (Thread-14): Parsing macros/catalog.sql
2021-03-31 18:52:29.041409 (Thread-14): Parsing macros/materializations/table.sql
2021-03-31 18:52:29.045233 (Thread-14): Parsing macros/materializations/merge.sql
2021-03-31 18:52:29.047204 (Thread-14): Parsing macros/materializations/incremental.sql
2021-03-31 18:52:29.057053 (Thread-14): Parsing macros/materializations/view.sql
2021-03-31 18:52:29.059336 (Thread-14): Parsing macros/core.sql
2021-03-31 18:52:29.063044 (Thread-14): Parsing macros/materializations/helpers.sql
2021-03-31 18:52:29.072588 (Thread-14): Parsing macros/materializations/common/merge.sql
2021-03-31 18:52:29.088423 (Thread-14): Parsing macros/materializations/snapshot/snapshot_merge.sql
2021-03-31 18:52:29.090761 (Thread-14): Parsing macros/materializations/snapshot/strategies.sql
2021-03-31 18:52:29.114507 (Thread-14): Parsing macros/materializations/snapshot/snapshot.sql
2021-03-31 18:52:29.153500 (Thread-14): Parsing macros/materializations/view/create_or_replace_view.sql
2021-03-31 18:52:29.166557 (Thread-14): Parsing macros/materializations/view/view.sql
2021-03-31 18:52:29.175430 (Thread-14): Parsing macros/materializations/seed/seed.sql
2021-03-31 18:52:29.208768 (Thread-14): Parsing macros/materializations/table/table.sql
2021-03-31 18:52:29.217375 (Thread-14): Parsing macros/materializations/incremental/helpers.sql
2021-03-31 18:52:29.219562 (Thread-14): Parsing macros/materializations/incremental/incremental.sql
2021-03-31 18:52:29.225689 (Thread-14): Parsing macros/etc/is_incremental.sql
2021-03-31 18:52:29.227529 (Thread-14): Parsing macros/etc/query.sql
2021-03-31 18:52:29.228843 (Thread-14): Parsing macros/etc/datetime.sql
2021-03-31 18:52:29.240244 (Thread-14): Parsing macros/etc/get_custom_alias.sql
2021-03-31 18:52:29.241204 (Thread-14): Parsing macros/etc/get_custom_database.sql
2021-03-31 18:52:29.242856 (Thread-14): Parsing macros/etc/get_custom_schema.sql
2021-03-31 18:52:29.244786 (Thread-14): Parsing macros/schema_tests/not_null.sql
2021-03-31 18:52:29.246295 (Thread-14): Parsing macros/schema_tests/accepted_values.sql
2021-03-31 18:52:29.249081 (Thread-14): Parsing macros/schema_tests/relationships.sql
2021-03-31 18:52:29.251069 (Thread-14): Parsing macros/schema_tests/unique.sql
2021-03-31 18:52:29.252818 (Thread-14): Parsing macros/adapters/common.sql
2021-03-31 18:52:29.460091 (Thread-14): [WARNING]: Configuration paths exist in your dbt_project.yml file which do not apply to any resources.
There are 1 unused configuration paths:
- models.jaffle_shop.example

2021-03-31 18:52:29.737441 (Thread-15): handling status request
2021-03-31 18:52:29.738057 (Thread-15): Sending event: {'category': 'dbt', 'action': 'rpc_request', 'label': '77bae4f6-9832-4458-8a6a-2d45ea8a8709', 'context': [<snowplow_tracker.self_describing_json.SelfDescribingJson object at 0x7f5e11b516a0>]}
2021-03-31 18:52:29.741222 (Thread-15): sending response (<Response 8543 bytes [200 OK]>) to 10.0.37.7
2021-03-31 18:52:42.371878 (Thread-16): handling status request
2021-03-31 18:52:42.372312 (Thread-16): Sending event: {'category': 'dbt', 'action': 'rpc_request', 'label': '77bae4f6-9832-4458-8a6a-2d45ea8a8709', 'context': [<snowplow_tracker.self_describing_json.SelfDescribingJson object at 0x7f5e11b51550>]}
2021-03-31 18:52:42.375286 (Thread-16): sending response (<Response 8543 bytes [200 OK]>) to 10.0.24.76
2021-03-31 18:52:43.183804 (Thread-17): handling run_sql request
2021-03-31 18:52:43.184276 (Thread-17): Sending event: {'category': 'dbt', 'action': 'rpc_request', 'label': '77bae4f6-9832-4458-8a6a-2d45ea8a8709', 'context': [<snowplow_tracker.self_describing_json.SelfDescribingJson object at 0x7f5e11e52af0>]}
2021-03-31 18:52:44.314914 (Thread-17): sending response (<Response 138 bytes [200 OK]>) to 10.0.31.157
2021-03-31 18:52:44.347988 (MainThread): Acquiring new snowflake connection "rpc.jaffle_shop.request".
2021-03-31 18:52:44.379219 (MainThread): Found 0 models, 0 tests, 0 snapshots, 0 analyses, 143 macros, 0 operations, 0 seed files, 0 sources
2021-03-31 18:52:44.379888 (Thread-1): Acquiring new snowflake connection "rpc.jaffle_shop.request".
2021-03-31 18:52:44.380033 (Thread-1): Compiling rpc.jaffle_shop.request
2021-03-31 18:52:44.397289 (Thread-1): finished collecting timing info
2021-03-31 18:52:44.398083 (Thread-1): Using snowflake connection "rpc.jaffle_shop.request".
2021-03-31 18:52:44.398218 (Thread-1): On rpc.jaffle_shop.request: select 0 as number  union all 



  select 1 as number  union all 



  select 2 as number  union all 



  select 3 as number  union all 



  select 4 as number  union all 



  select 5 as number  union all 



  select 6 as number  union all 



  select 7 as number  union all 



  select 8 as number  union all 



  select 9 as number 


limit 500
/* limit added automatically by dbt cloud */
2021-03-31 18:52:44.398284 (Thread-1): Opening a new connection, currently in state init
2021-03-31 18:52:45.129760 (Thread-18): handling poll request
2021-03-31 18:52:45.130319 (Thread-18): Sending event: {'category': 'dbt', 'action': 'rpc_request', 'label': '77bae4f6-9832-4458-8a6a-2d45ea8a8709', 'context': [<snowplow_tracker.self_describing_json.SelfDescribingJson object at 0x7f5e11b49b50>]}
2021-03-31 18:52:45.132613 (Thread-18): sending response (<Response 3281 bytes [200 OK]>) to 10.0.40.149
2021-03-31 18:52:45.319185 (Thread-1): SQL status: SUCCESS 10 in 0.92 seconds
2021-03-31 18:52:45.319718 (Thread-1): finished collecting timing info
2021-03-31 18:52:45.320094 (Thread-1): On rpc.jaffle_shop.request: Close
2021-03-31 18:52:48.046997 (Thread-19): handling poll request
2021-03-31 18:52:48.047558 (Thread-19): Sending event: {'category': 'dbt', 'action': 'rpc_request', 'label': '77bae4f6-9832-4458-8a6a-2d45ea8a8709', 'context': [<snowplow_tracker.self_describing_json.SelfDescribingJson object at 0x7f5e11bb2580>]}
2021-03-31 18:52:48.054234 (Thread-19): sending response (<Response 4550 bytes [200 OK]>) to 10.0.37.7
2021-03-31 18:53:21.068757 (Thread-20): handling status request
2021-03-31 18:53:21.069239 (Thread-20): Sending event: {'category': 'dbt', 'action': 'rpc_request', 'label': '77bae4f6-9832-4458-8a6a-2d45ea8a8709', 'context': [<snowplow_tracker.self_describing_json.SelfDescribingJson object at 0x7f5e11b515e0>]}
2021-03-31 18:53:21.072556 (Thread-20): sending response (<Response 8543 bytes [200 OK]>) to 10.0.44.81
2021-03-31 18:53:24.771286 (Thread-21): Parsing macros/adapters.sql
2021-03-31 18:53:24.800676 (Thread-21): Parsing macros/catalog.sql
2021-03-31 18:53:24.802720 (Thread-21): Parsing macros/materializations/table.sql
2021-03-31 18:53:24.806581 (Thread-21): Parsing macros/materializations/merge.sql
2021-03-31 18:53:24.808569 (Thread-21): Parsing macros/materializations/incremental.sql
2021-03-31 18:53:24.817577 (Thread-21): Parsing macros/materializations/view.sql
2021-03-31 18:53:24.819768 (Thread-21): Parsing macros/core.sql
2021-03-31 18:53:24.823314 (Thread-21): Parsing macros/materializations/helpers.sql
2021-03-31 18:53:24.831988 (Thread-21): Parsing macros/materializations/common/merge.sql
2021-03-31 18:53:24.845745 (Thread-21): Parsing macros/materializations/snapshot/snapshot_merge.sql
2021-03-31 18:53:24.847494 (Thread-21): Parsing macros/materializations/snapshot/strategies.sql
2021-03-31 18:53:24.863486 (Thread-21): Parsing macros/materializations/snapshot/snapshot.sql
2021-03-31 18:53:24.891075 (Thread-21): Parsing macros/materializations/view/create_or_replace_view.sql
2021-03-31 18:53:24.895932 (Thread-21): Parsing macros/materializations/view/view.sql
2021-03-31 18:53:24.902048 (Thread-21): Parsing macros/materializations/seed/seed.sql
2021-03-31 18:53:24.922183 (Thread-21): Parsing macros/materializations/table/table.sql
2021-03-31 18:53:24.928623 (Thread-21): Parsing macros/materializations/incremental/helpers.sql
2021-03-31 18:53:24.930426 (Thread-21): Parsing macros/materializations/incremental/incremental.sql
2021-03-31 18:53:24.936241 (Thread-21): Parsing macros/etc/is_incremental.sql
2021-03-31 18:53:24.937842 (Thread-21): Parsing macros/etc/query.sql
2021-03-31 18:53:24.938929 (Thread-21): Parsing macros/etc/datetime.sql
2021-03-31 18:53:24.947736 (Thread-21): Parsing macros/etc/get_custom_alias.sql
2021-03-31 18:53:24.948847 (Thread-21): Parsing macros/etc/get_custom_database.sql
2021-03-31 18:53:24.950523 (Thread-21): Parsing macros/etc/get_custom_schema.sql
2021-03-31 18:53:24.952453 (Thread-21): Parsing macros/schema_tests/not_null.sql
2021-03-31 18:53:24.953950 (Thread-21): Parsing macros/schema_tests/accepted_values.sql
2021-03-31 18:53:24.956602 (Thread-21): Parsing macros/schema_tests/relationships.sql
2021-03-31 18:53:24.958489 (Thread-21): Parsing macros/schema_tests/unique.sql
2021-03-31 18:53:24.960215 (Thread-21): Parsing macros/adapters/common.sql
2021-03-31 18:53:25.265065 (Thread-21): [WARNING]: Configuration paths exist in your dbt_project.yml file which do not apply to any resources.
There are 1 unused configuration paths:
- models.jaffle_shop.example

2021-03-31 18:53:26.257239 (Thread-22): handling status request
2021-03-31 18:53:26.257679 (Thread-22): Sending event: {'category': 'dbt', 'action': 'rpc_request', 'label': '77bae4f6-9832-4458-8a6a-2d45ea8a8709', 'context': [<snowplow_tracker.self_describing_json.SelfDescribingJson object at 0x7f5e11b51f40>]}
2021-03-31 18:53:26.260582 (Thread-22): sending response (<Response 8543 bytes [200 OK]>) to 10.0.29.51
2021-03-31 18:53:35.121665 (Thread-23): Got an acceptable cached parse result
2021-03-31 18:53:35.266995 (Thread-23): [WARNING]: Configuration paths exist in your dbt_project.yml file which do not apply to any resources.
There are 1 unused configuration paths:
- models.jaffle_shop.example

2021-03-31 18:53:36.846706 (Thread-24): handling status request
2021-03-31 18:53:36.847169 (Thread-24): Sending event: {'category': 'dbt', 'action': 'rpc_request', 'label': '77bae4f6-9832-4458-8a6a-2d45ea8a8709', 'context': [<snowplow_tracker.self_describing_json.SelfDescribingJson object at 0x7f5e11bcd430>]}
2021-03-31 18:53:36.848166 (Thread-24): sending response (<Response 874 bytes [200 OK]>) to 10.0.13.203
2021-03-31 18:54:59.477400 (Thread-25): Got an acceptable cached parse result
2021-03-31 18:54:59.619150 (Thread-25): [WARNING]: Configuration paths exist in your dbt_project.yml file which do not apply to any resources.
There are 1 unused configuration paths:
- models.jaffle_shop.example

2021-03-31 18:55:00.227750 (Thread-26): handling status request
2021-03-31 18:55:00.228175 (Thread-26): Sending event: {'category': 'dbt', 'action': 'rpc_request', 'label': '77bae4f6-9832-4458-8a6a-2d45ea8a8709', 'context': [<snowplow_tracker.self_describing_json.SelfDescribingJson object at 0x7f5e11c10df0>]}
2021-03-31 18:55:00.229079 (Thread-26): sending response (<Response 874 bytes [200 OK]>) to 10.0.37.2
2021-03-31 18:55:40.183054 (Thread-27): handling status request
2021-03-31 18:55:40.183668 (Thread-27): Sending event: {'category': 'dbt', 'action': 'rpc_request', 'label': '77bae4f6-9832-4458-8a6a-2d45ea8a8709', 'context': [<snowplow_tracker.self_describing_json.SelfDescribingJson object at 0x7f5e11bd7670>]}
2021-03-31 18:55:40.184947 (Thread-27): sending response (<Response 874 bytes [200 OK]>) to 10.0.23.242
2021-03-31 18:55:40.661704 (Thread-28): handling compile_sql request
2021-03-31 18:55:40.662157 (Thread-28): Sending event: {'category': 'dbt', 'action': 'rpc_request', 'label': '77bae4f6-9832-4458-8a6a-2d45ea8a8709', 'context': [<snowplow_tracker.self_describing_json.SelfDescribingJson object at 0x7f5e11a6e9a0>]}
2021-03-31 18:55:41.773699 (Thread-28): sending response (<Response 138 bytes [200 OK]>) to 10.0.0.221
2021-03-31 18:55:41.791985 (MainThread): Acquiring new snowflake connection "rpc.jaffle_shop.request".
2021-03-31 18:55:41.810439 (MainThread): Found 0 models, 0 tests, 0 snapshots, 0 analyses, 143 macros, 0 operations, 0 seed files, 0 sources
2021-03-31 18:55:41.810890 (Thread-1): Acquiring new snowflake connection "rpc.jaffle_shop.request".
2021-03-31 18:55:41.810996 (Thread-1): Compiling rpc.jaffle_shop.request
2021-03-31 18:55:41.824619 (Thread-1): finished collecting timing info
2021-03-31 18:55:41.824863 (Thread-1): finished collecting timing info
2021-03-31 18:55:42.309205 (Thread-29): handling poll request
2021-03-31 18:55:42.309729 (Thread-29): Sending event: {'category': 'dbt', 'action': 'rpc_request', 'label': '77bae4f6-9832-4458-8a6a-2d45ea8a8709', 'context': [<snowplow_tracker.self_describing_json.SelfDescribingJson object at 0x7f5e11c100d0>]}
2021-03-31 18:55:42.314691 (Thread-29): sending response (<Response 9390 bytes [200 OK]>) to 10.0.31.157
2021-03-31 18:55:47.802710 (Thread-30): Got an acceptable cached parse result
2021-03-31 18:55:47.881448 (Thread-31): Got an acceptable cached parse result
2021-03-31 18:55:48.020930 (Thread-31): [WARNING]: Configuration paths exist in your dbt_project.yml file which do not apply to any resources.
There are 1 unused configuration paths:
- models.jaffle_shop.example

2021-03-31 18:55:50.256368 (Thread-32): handling status request
2021-03-31 18:55:50.256792 (Thread-32): Sending event: {'category': 'dbt', 'action': 'rpc_request', 'label': '77bae4f6-9832-4458-8a6a-2d45ea8a8709', 'context': [<snowplow_tracker.self_describing_json.SelfDescribingJson object at 0x7f5e11cf9dc0>]}
2021-03-31 18:55:50.257714 (Thread-32): sending response (<Response 874 bytes [200 OK]>) to 10.0.0.221
2021-03-31 18:56:00.343332 (Thread-33): handling status request
2021-03-31 18:56:00.343771 (Thread-33): Sending event: {'category': 'dbt', 'action': 'rpc_request', 'label': '77bae4f6-9832-4458-8a6a-2d45ea8a8709', 'context': [<snowplow_tracker.self_describing_json.SelfDescribingJson object at 0x7f5e11b2a8b0>]}
2021-03-31 18:56:00.344650 (Thread-33): sending response (<Response 874 bytes [200 OK]>) to 10.0.12.206
2021-03-31 18:56:04.014421 (Thread-34): Parsing macros/adapters.sql
2021-03-31 18:56:04.046277 (Thread-34): Parsing macros/catalog.sql
2021-03-31 18:56:04.048294 (Thread-34): Parsing macros/materializations/table.sql
2021-03-31 18:56:04.052421 (Thread-34): Parsing macros/materializations/merge.sql
2021-03-31 18:56:04.054522 (Thread-34): Parsing macros/materializations/incremental.sql
2021-03-31 18:56:04.063850 (Thread-34): Parsing macros/materializations/view.sql
2021-03-31 18:56:04.066124 (Thread-34): Parsing macros/core.sql
2021-03-31 18:56:04.069748 (Thread-34): Parsing macros/materializations/helpers.sql
2021-03-31 18:56:04.079366 (Thread-34): Parsing macros/materializations/common/merge.sql
2021-03-31 18:56:04.093560 (Thread-34): Parsing macros/materializations/snapshot/snapshot_merge.sql
2021-03-31 18:56:04.095347 (Thread-34): Parsing macros/materializations/snapshot/strategies.sql
2021-03-31 18:56:04.111752 (Thread-34): Parsing macros/materializations/snapshot/snapshot.sql
2021-03-31 18:56:04.140645 (Thread-34): Parsing macros/materializations/view/create_or_replace_view.sql
2021-03-31 18:56:04.145809 (Thread-34): Parsing macros/materializations/view/view.sql
2021-03-31 18:56:04.152777 (Thread-34): Parsing macros/materializations/seed/seed.sql
2021-03-31 18:56:04.176406 (Thread-34): Parsing macros/materializations/table/table.sql
2021-03-31 18:56:04.184693 (Thread-34): Parsing macros/materializations/incremental/helpers.sql
2021-03-31 18:56:04.187151 (Thread-34): Parsing macros/materializations/incremental/incremental.sql
2021-03-31 18:56:04.196298 (Thread-34): Parsing macros/etc/is_incremental.sql
2021-03-31 18:56:04.198700 (Thread-34): Parsing macros/etc/query.sql
2021-03-31 18:56:04.200094 (Thread-34): Parsing macros/etc/datetime.sql
2021-03-31 18:56:04.212505 (Thread-34): Parsing macros/etc/get_custom_alias.sql
2021-03-31 18:56:04.213796 (Thread-34): Parsing macros/etc/get_custom_database.sql
2021-03-31 18:56:04.215750 (Thread-34): Parsing macros/etc/get_custom_schema.sql
2021-03-31 18:56:04.217949 (Thread-34): Parsing macros/schema_tests/not_null.sql
2021-03-31 18:56:04.220062 (Thread-34): Parsing macros/schema_tests/accepted_values.sql
2021-03-31 18:56:04.223666 (Thread-34): Parsing macros/schema_tests/relationships.sql
2021-03-31 18:56:04.225622 (Thread-34): Parsing macros/schema_tests/unique.sql
2021-03-31 18:56:04.227458 (Thread-34): Parsing macros/adapters/common.sql
2021-03-31 18:56:04.546743 (Thread-34): [WARNING]: Configuration paths exist in your dbt_project.yml file which do not apply to any resources.
There are 1 unused configuration paths:
- models.jaffle_shop.example

2021-03-31 18:56:04.730704 (Thread-35): handling status request
2021-03-31 18:56:04.731138 (Thread-35): Sending event: {'category': 'dbt', 'action': 'rpc_request', 'label': '77bae4f6-9832-4458-8a6a-2d45ea8a8709', 'context': [<snowplow_tracker.self_describing_json.SelfDescribingJson object at 0x7f5e11e4ea00>]}
2021-03-31 18:56:04.734094 (Thread-35): sending response (<Response 8543 bytes [200 OK]>) to 10.0.31.157
2021-03-31 18:56:13.250703 (Thread-36): handling status request
2021-03-31 18:56:13.251152 (Thread-36): Sending event: {'category': 'dbt', 'action': 'rpc_request', 'label': '77bae4f6-9832-4458-8a6a-2d45ea8a8709', 'context': [<snowplow_tracker.self_describing_json.SelfDescribingJson object at 0x7f5e11e4e880>]}
2021-03-31 18:56:13.254258 (Thread-36): sending response (<Response 8543 bytes [200 OK]>) to 10.0.40.149
2021-03-31 18:56:13.465468 (Thread-37): handling status request
2021-03-31 18:56:13.465894 (Thread-37): Sending event: {'category': 'dbt', 'action': 'rpc_request', 'label': '77bae4f6-9832-4458-8a6a-2d45ea8a8709', 'context': [<snowplow_tracker.self_describing_json.SelfDescribingJson object at 0x7f5e11e4e8b0>]}
2021-03-31 18:56:13.469147 (Thread-37): sending response (<Response 8543 bytes [200 OK]>) to 10.0.5.203
2021-03-31 18:56:15.310247 (Thread-38): handling cli_args request
2021-03-31 18:56:15.310716 (Thread-38): Sending event: {'category': 'dbt', 'action': 'rpc_request', 'label': '77bae4f6-9832-4458-8a6a-2d45ea8a8709', 'context': [<snowplow_tracker.self_describing_json.SelfDescribingJson object at 0x7f5e11cfa640>]}
2021-03-31 18:56:16.348442 (Thread-38): sending response (<Response 138 bytes [200 OK]>) to 10.0.20.123
2021-03-31 18:56:16.405266 (MainThread): Partial parsing not enabled
2021-03-31 18:56:16.406822 (MainThread): Parsing macros/adapters.sql
2021-03-31 18:56:16.437915 (MainThread): Parsing macros/catalog.sql
2021-03-31 18:56:16.440259 (MainThread): Parsing macros/materializations/table.sql
2021-03-31 18:56:16.444648 (MainThread): Parsing macros/materializations/merge.sql
2021-03-31 18:56:16.447071 (MainThread): Parsing macros/materializations/incremental.sql
2021-03-31 18:56:16.456789 (MainThread): Parsing macros/materializations/view.sql
2021-03-31 18:56:16.459315 (MainThread): Parsing macros/core.sql
2021-03-31 18:56:16.463214 (MainThread): Parsing macros/materializations/helpers.sql
2021-03-31 18:56:16.472590 (MainThread): Parsing macros/materializations/common/merge.sql
2021-03-31 18:56:16.488298 (MainThread): Parsing macros/materializations/snapshot/snapshot_merge.sql
2021-03-31 18:56:16.490493 (MainThread): Parsing macros/materializations/snapshot/strategies.sql
2021-03-31 18:56:16.507979 (MainThread): Parsing macros/materializations/snapshot/snapshot.sql
2021-03-31 18:56:16.545377 (MainThread): Parsing macros/materializations/view/create_or_replace_view.sql
2021-03-31 18:56:16.553607 (MainThread): Parsing macros/materializations/view/view.sql
2021-03-31 18:56:16.563532 (MainThread): Parsing macros/materializations/seed/seed.sql
2021-03-31 18:56:16.597551 (MainThread): Parsing macros/materializations/table/table.sql
2021-03-31 18:56:16.609036 (MainThread): Parsing macros/materializations/incremental/helpers.sql
2021-03-31 18:56:16.611358 (MainThread): Parsing macros/materializations/incremental/incremental.sql
2021-03-31 18:56:16.617730 (MainThread): Parsing macros/etc/is_incremental.sql
2021-03-31 18:56:16.619639 (MainThread): Parsing macros/etc/query.sql
2021-03-31 18:56:16.620891 (MainThread): Parsing macros/etc/datetime.sql
2021-03-31 18:56:16.630472 (MainThread): Parsing macros/etc/get_custom_alias.sql
2021-03-31 18:56:16.631662 (MainThread): Parsing macros/etc/get_custom_database.sql
2021-03-31 18:56:16.633517 (MainThread): Parsing macros/etc/get_custom_schema.sql
2021-03-31 18:56:16.635664 (MainThread): Parsing macros/schema_tests/not_null.sql
2021-03-31 18:56:16.637708 (MainThread): Parsing macros/schema_tests/accepted_values.sql
2021-03-31 18:56:16.640527 (MainThread): Parsing macros/schema_tests/relationships.sql
2021-03-31 18:56:16.642524 (MainThread): Parsing macros/schema_tests/unique.sql
2021-03-31 18:56:16.644381 (MainThread): Parsing macros/adapters/common.sql
2021-03-31 18:56:16.695802 (MainThread): Partial parsing not enabled
2021-03-31 18:56:16.866655 (MainThread): [WARNING]: Configuration paths exist in your dbt_project.yml file which do not apply to any resources.
There are 1 unused configuration paths:
- models.jaffle_shop.example

2021-03-31 18:56:16.886891 (MainThread): Found 0 models, 0 tests, 0 snapshots, 0 analyses, 143 macros, 0 operations, 0 seed files, 0 sources
2021-03-31 18:56:16.887702 (MainThread): WARNING: Nothing to do. Try checking your model configs and model specification args
2021-03-31 18:56:17.205598 (Thread-39): handling poll request
2021-03-31 18:56:17.206367 (Thread-39): Sending event: {'category': 'dbt', 'action': 'rpc_request', 'label': '77bae4f6-9832-4458-8a6a-2d45ea8a8709', 'context': [<snowplow_tracker.self_describing_json.SelfDescribingJson object at 0x7f5e119e9040>]}
2021-03-31 18:56:17.388002 (Thread-39): sending response (<Response 10003 bytes [200 OK]>) to 10.0.23.242
2021-03-31 18:56:20.070478 (Thread-40): handling status request
2021-03-31 18:56:20.070967 (Thread-40): Sending event: {'category': 'dbt', 'action': 'rpc_request', 'label': '77bae4f6-9832-4458-8a6a-2d45ea8a8709', 'context': [<snowplow_tracker.self_describing_json.SelfDescribingJson object at 0x7f5e11e40a30>]}
2021-03-31 18:56:20.074673 (Thread-40): sending response (<Response 8543 bytes [200 OK]>) to 10.0.24.76
2021-03-31 18:56:45.505952 (Thread-41): handling status request
2021-03-31 18:56:45.506481 (Thread-41): Sending event: {'category': 'dbt', 'action': 'rpc_request', 'label': '77bae4f6-9832-4458-8a6a-2d45ea8a8709', 'context': [<snowplow_tracker.self_describing_json.SelfDescribingJson object at 0x7f5e119e9cd0>]}
2021-03-31 18:56:45.509637 (Thread-41): sending response (<Response 8543 bytes [200 OK]>) to 10.0.29.51
2021-03-31 18:56:46.467525 (Thread-42): handling run_sql request
2021-03-31 18:56:46.467944 (Thread-42): Sending event: {'category': 'dbt', 'action': 'rpc_request', 'label': '77bae4f6-9832-4458-8a6a-2d45ea8a8709', 'context': [<snowplow_tracker.self_describing_json.SelfDescribingJson object at 0x7f5e119e9d90>]}
2021-03-31 18:56:47.550468 (Thread-42): sending response (<Response 138 bytes [200 OK]>) to 10.0.4.54
2021-03-31 18:56:47.571632 (MainThread): Acquiring new snowflake connection "rpc.jaffle_shop.request".
2021-03-31 18:56:47.590017 (MainThread): Found 0 models, 0 tests, 0 snapshots, 0 analyses, 143 macros, 0 operations, 0 seed files, 0 sources
2021-03-31 18:56:47.590543 (Thread-1): Acquiring new snowflake connection "rpc.jaffle_shop.request".
2021-03-31 18:56:47.590708 (Thread-1): Compiling rpc.jaffle_shop.request
2021-03-31 18:56:47.604475 (Thread-1): finished collecting timing info
2021-03-31 18:56:47.605538 (Thread-1): Using snowflake connection "rpc.jaffle_shop.request".
2021-03-31 18:56:47.605605 (Thread-1): On rpc.jaffle_shop.request: with customers as (

    select
        id as customer_id,
        first_name,
        last_name

    from raw.jaffle_shop.customers

),

orders as (

    select
        id as order_id,
        user_id as customer_id,
        order_date,
        status

    from raw.jaffle_shop.orders

),

customer_orders as (

    select
        customer_id,

        min(order_date) as first_order_date,
        max(order_date) as most_recent_order_date,
        count(order_id) as number_of_orders

    from orders

    group by 1

),


final as (

    select
        customers.customer_id,
        customers.first_name,
        customers.last_name,
        customer_orders.first_order_date,
        customer_orders.most_recent_order_date,
        coalesce(customer_orders.number_of_orders, 0) as number_of_orders

    from customers

    left join customer_orders using (customer_id)

)

select * from final
limit 500
/* limit added automatically by dbt cloud */
2021-03-31 18:56:47.605661 (Thread-1): Opening a new connection, currently in state init
2021-03-31 18:56:48.227871 (Thread-43): handling poll request
2021-03-31 18:56:48.228404 (Thread-43): Sending event: {'category': 'dbt', 'action': 'rpc_request', 'label': '77bae4f6-9832-4458-8a6a-2d45ea8a8709', 'context': [<snowplow_tracker.self_describing_json.SelfDescribingJson object at 0x7f5e11e1d3d0>]}
2021-03-31 18:56:48.230712 (Thread-43): sending response (<Response 3940 bytes [200 OK]>) to 10.0.12.206
2021-03-31 18:56:48.548154 (Thread-1): SQL status: SUCCESS 100 in 0.94 seconds
2021-03-31 18:56:48.552644 (Thread-1): finished collecting timing info
2021-03-31 18:56:48.553161 (Thread-1): On rpc.jaffle_shop.request: Close
2021-03-31 18:56:49.791566 (Thread-44): handling poll request
2021-03-31 18:56:49.792119 (Thread-44): Sending event: {'category': 'dbt', 'action': 'rpc_request', 'label': '77bae4f6-9832-4458-8a6a-2d45ea8a8709', 'context': [<snowplow_tracker.self_describing_json.SelfDescribingJson object at 0x7f5e12768a60>]}
2021-03-31 18:56:49.797244 (Thread-44): sending response (<Response 13540 bytes [200 OK]>) to 10.0.24.4
2021-03-31 19:00:20.262584 (MainThread): Sending event: {'category': 'dbt', 'action': 'invocation', 'label': 'end', 'context': [<snowplow_tracker.self_describing_json.SelfDescribingJson object at 0x7f5e19f3a970>, <snowplow_tracker.self_describing_json.SelfDescribingJson object at 0x7f5e131051f0>, <snowplow_tracker.self_describing_json.SelfDescribingJson object at 0x7f5e1311e610>]}
2021-03-31 19:00:20.264338 (MainThread): Flushing usage events
2021-03-31 19:00:20.393806 (MainThread): Runtime Error
  Syntax error near line 37
  ------------------------------
  34 |   jaffle_shop:
  35 |     +materialized: table
  36 |       # Applies to all files under models/example/
  37 |       example:
  38 |           materialized: view
  
  Raw Error:
  ------------------------------
  while parsing a block mapping
    in "<unicode string>", line 35, column 5:
          +materialized: table
          ^
  expected <block end>, but found '<block mapping start>'
    in "<unicode string>", line 37, column 7:
            example:
            ^
2021-03-31 19:01:12.597991 (MainThread): Running with dbt=0.18.1
2021-03-31 19:01:12.639758 (MainThread): running dbt with arguments Namespace(cls=<class 'dbt.task.rpc.server.RPCServerTask'>, debug=False, defer=None, exclude=None, host='0.0.0.0', log_cache_events=False, log_format='default', models=None, partial_parse=True, port=8580, profile='user', profiles_dir='/usr/src/develop/.dbt', project_dir=None, record_timing_info=None, rpc_method=None, single_threaded=False, state=None, strict=False, target=None, test_new_parser=False, threads=None, use_cache=True, use_colors=None, vars='{}', version_check=True, warn_error=False, which='rpc', write_json=True)
2021-03-31 19:01:12.658402 (MainThread): Tracking: tracking
2021-03-31 19:01:12.658601 (MainThread): Sending event: {'category': 'dbt', 'action': 'invocation', 'label': 'start', 'context': [<snowplow_tracker.self_describing_json.SelfDescribingJson object at 0x7f5e1a29c430>, <snowplow_tracker.self_describing_json.SelfDescribingJson object at 0x7f5e127cc6d0>, <snowplow_tracker.self_describing_json.SelfDescribingJson object at 0x7f5e1280f5e0>]}
2021-03-31 19:01:12.658869 (MainThread): Serving RPC server at 0.0.0.0:8580, pid=16
2021-03-31 19:01:12.660741 (MainThread): Supported methods: ['cli_args', 'compile', 'compile_sql', 'deps', 'docs.generate', 'gc', 'get-manifest', 'kill', 'poll', 'ps', 'run', 'run-operation', 'run_sql', 'seed', 'snapshot', 'snapshot-freshness', 'status', 'test']
2021-03-31 19:01:12.661365 (MainThread): Send requests to http://localhost:8580/jsonrpc
2021-03-31 19:01:12.690508 (Thread-45): For key jaffle_shop, hash mismatch (FileHash(name='sha256', checksum='54eaecc3d9394b9a26a6d467a02b05b00d2493557a4396d094e2b9fcd9acbb1e') -> FileHash(name='sha256', checksum='2ed8f17452840178cd64f3f4383845abdb5131045af7d5199c1337f96acaa379')), cache invalidated
2021-03-31 19:01:12.692149 (Thread-45): Parsing macros/adapters.sql
2021-03-31 19:01:12.731429 (Thread-45): Parsing macros/catalog.sql
2021-03-31 19:01:12.734209 (Thread-45): Parsing macros/materializations/table.sql
2021-03-31 19:01:12.738458 (Thread-45): Parsing macros/materializations/merge.sql
2021-03-31 19:01:12.741305 (Thread-45): Parsing macros/materializations/incremental.sql
2021-03-31 19:01:12.753812 (Thread-45): Parsing macros/materializations/view.sql
2021-03-31 19:01:12.757951 (Thread-45): Parsing macros/core.sql
2021-03-31 19:01:12.762473 (Thread-45): Parsing macros/materializations/helpers.sql
2021-03-31 19:01:12.775825 (Thread-45): Parsing macros/materializations/common/merge.sql
2021-03-31 19:01:12.798016 (Thread-45): Parsing macros/materializations/snapshot/snapshot_merge.sql
2021-03-31 19:01:12.800207 (Thread-45): Parsing macros/materializations/snapshot/strategies.sql
2021-03-31 19:01:12.832475 (Thread-45): Parsing macros/materializations/snapshot/snapshot.sql
2021-03-31 19:01:12.883886 (Thread-45): Parsing macros/materializations/view/create_or_replace_view.sql
2021-03-31 19:01:12.892952 (Thread-45): Parsing macros/materializations/view/view.sql
2021-03-31 19:01:12.905142 (Thread-45): Parsing macros/materializations/seed/seed.sql
2021-03-31 19:01:12.943981 (Thread-45): Parsing macros/materializations/table/table.sql
2021-03-31 19:01:12.956094 (Thread-45): Parsing macros/materializations/incremental/helpers.sql
2021-03-31 19:01:12.959896 (Thread-45): Parsing macros/materializations/incremental/incremental.sql
2021-03-31 19:01:12.970863 (Thread-45): Parsing macros/etc/is_incremental.sql
2021-03-31 19:01:12.973884 (Thread-45): Parsing macros/etc/query.sql
2021-03-31 19:01:12.975998 (Thread-45): Parsing macros/etc/datetime.sql
2021-03-31 19:01:12.993526 (Thread-45): Parsing macros/etc/get_custom_alias.sql
2021-03-31 19:01:12.995478 (Thread-45): Parsing macros/etc/get_custom_database.sql
2021-03-31 19:01:12.998717 (Thread-45): Parsing macros/etc/get_custom_schema.sql
2021-03-31 19:01:13.002449 (Thread-45): Parsing macros/schema_tests/not_null.sql
2021-03-31 19:01:13.005327 (Thread-45): Parsing macros/schema_tests/accepted_values.sql
2021-03-31 19:01:13.019228 (Thread-45): Parsing macros/schema_tests/relationships.sql
2021-03-31 19:01:13.026077 (Thread-45): Parsing macros/schema_tests/unique.sql
2021-03-31 19:01:13.036545 (Thread-45): Parsing macros/adapters/common.sql
2021-03-31 19:01:13.108065 (Thread-45): For key jaffle_shop, hash mismatch (FileHash(name='sha256', checksum='54eaecc3d9394b9a26a6d467a02b05b00d2493557a4396d094e2b9fcd9acbb1e') -> FileHash(name='sha256', checksum='2ed8f17452840178cd64f3f4383845abdb5131045af7d5199c1337f96acaa379')), cache invalidated
2021-03-31 19:01:13.320967 (Thread-45): [WARNING]: Configuration paths exist in your dbt_project.yml file which do not apply to any resources.
There are 1 unused configuration paths:
- models.jaffle_shop

2021-03-31 19:01:13.417740 (Thread-46): handling status request
2021-03-31 19:01:13.418246 (Thread-46): Sending event: {'category': 'dbt', 'action': 'rpc_request', 'label': 'f80e1af3-0f34-47d4-ba9f-1336e3383bf6', 'context': [<snowplow_tracker.self_describing_json.SelfDescribingJson object at 0x7f5e11e10430>]}
2021-03-31 19:01:13.421370 (Thread-46): sending response (<Response 9517 bytes [200 OK]>) to 10.0.4.54
2021-03-31 19:01:26.042439 (Thread-47): handling status request
2021-03-31 19:01:26.042963 (Thread-47): Sending event: {'category': 'dbt', 'action': 'rpc_request', 'label': 'f80e1af3-0f34-47d4-ba9f-1336e3383bf6', 'context': [<snowplow_tracker.self_describing_json.SelfDescribingJson object at 0x7f5e1280f850>]}
2021-03-31 19:01:26.046192 (Thread-47): sending response (<Response 9517 bytes [200 OK]>) to 10.0.46.218
2021-03-31 19:01:26.890694 (Thread-48): handling status request
2021-03-31 19:01:26.891148 (Thread-48): Sending event: {'category': 'dbt', 'action': 'rpc_request', 'label': 'f80e1af3-0f34-47d4-ba9f-1336e3383bf6', 'context': [<snowplow_tracker.self_describing_json.SelfDescribingJson object at 0x7f5e1280fac0>]}
2021-03-31 19:01:26.894281 (Thread-48): sending response (<Response 9517 bytes [200 OK]>) to 10.0.8.158
2021-03-31 19:01:29.993897 (Thread-49): handling cli_args request
2021-03-31 19:01:29.994444 (Thread-49): Sending event: {'category': 'dbt', 'action': 'rpc_request', 'label': 'f80e1af3-0f34-47d4-ba9f-1336e3383bf6', 'context': [<snowplow_tracker.self_describing_json.SelfDescribingJson object at 0x7f5e11df8c70>]}
2021-03-31 19:01:31.262754 (Thread-49): sending response (<Response 138 bytes [200 OK]>) to 10.0.12.206
2021-03-31 19:01:31.357281 (MainThread): Partial parsing not enabled
2021-03-31 19:01:31.359660 (MainThread): Parsing macros/adapters.sql
2021-03-31 19:01:31.412031 (MainThread): Parsing macros/catalog.sql
2021-03-31 19:01:31.415499 (MainThread): Parsing macros/materializations/table.sql
2021-03-31 19:01:31.422879 (MainThread): Parsing macros/materializations/merge.sql
2021-03-31 19:01:31.426454 (MainThread): Parsing macros/materializations/incremental.sql
2021-03-31 19:01:31.442527 (MainThread): Parsing macros/materializations/view.sql
2021-03-31 19:01:31.446422 (MainThread): Parsing macros/core.sql
2021-03-31 19:01:31.452764 (MainThread): Parsing macros/materializations/helpers.sql
2021-03-31 19:01:31.465095 (MainThread): Parsing macros/materializations/common/merge.sql
2021-03-31 19:01:31.490091 (MainThread): Parsing macros/materializations/snapshot/snapshot_merge.sql
2021-03-31 19:01:31.493240 (MainThread): Parsing macros/materializations/snapshot/strategies.sql
2021-03-31 19:01:31.522504 (MainThread): Parsing macros/materializations/snapshot/snapshot.sql
2021-03-31 19:01:31.572978 (MainThread): Parsing macros/materializations/view/create_or_replace_view.sql
2021-03-31 19:01:31.582552 (MainThread): Parsing macros/materializations/view/view.sql
2021-03-31 19:01:31.593913 (MainThread): Parsing macros/materializations/seed/seed.sql
2021-03-31 19:01:31.628740 (MainThread): Parsing macros/materializations/table/table.sql
2021-03-31 19:01:31.636129 (MainThread): Parsing macros/materializations/incremental/helpers.sql
2021-03-31 19:01:31.638776 (MainThread): Parsing macros/materializations/incremental/incremental.sql
2021-03-31 19:01:31.645620 (MainThread): Parsing macros/etc/is_incremental.sql
2021-03-31 19:01:31.647396 (MainThread): Parsing macros/etc/query.sql
2021-03-31 19:01:31.648633 (MainThread): Parsing macros/etc/datetime.sql
2021-03-31 19:01:31.659624 (MainThread): Parsing macros/etc/get_custom_alias.sql
2021-03-31 19:01:31.660695 (MainThread): Parsing macros/etc/get_custom_database.sql
2021-03-31 19:01:31.662598 (MainThread): Parsing macros/etc/get_custom_schema.sql
2021-03-31 19:01:31.664851 (MainThread): Parsing macros/schema_tests/not_null.sql
2021-03-31 19:01:31.666727 (MainThread): Parsing macros/schema_tests/accepted_values.sql
2021-03-31 19:01:31.669591 (MainThread): Parsing macros/schema_tests/relationships.sql
2021-03-31 19:01:31.671861 (MainThread): Parsing macros/schema_tests/unique.sql
2021-03-31 19:01:31.673944 (MainThread): Parsing macros/adapters/common.sql
2021-03-31 19:01:31.733274 (MainThread): Partial parsing not enabled
2021-03-31 19:01:31.961285 (MainThread): [WARNING]: Configuration paths exist in your dbt_project.yml file which do not apply to any resources.
There are 1 unused configuration paths:
- models.jaffle_shop

2021-03-31 19:01:31.985173 (MainThread): Found 0 models, 0 tests, 0 snapshots, 0 analyses, 143 macros, 0 operations, 0 seed files, 0 sources
2021-03-31 19:01:31.986099 (MainThread): WARNING: Nothing to do. Try checking your model configs and model specification args
2021-03-31 19:01:32.253743 (Thread-50): handling poll request
2021-03-31 19:01:32.254533 (Thread-50): Sending event: {'category': 'dbt', 'action': 'rpc_request', 'label': 'f80e1af3-0f34-47d4-ba9f-1336e3383bf6', 'context': [<snowplow_tracker.self_describing_json.SelfDescribingJson object at 0x7f5e11b378b0>]}
2021-03-31 19:01:32.261117 (Thread-50): sending response (<Response 9886 bytes [200 OK]>) to 10.0.37.7
2021-03-31 19:01:35.071196 (Thread-51): handling poll request
2021-03-31 19:01:35.071764 (Thread-51): Sending event: {'category': 'dbt', 'action': 'rpc_request', 'label': 'f80e1af3-0f34-47d4-ba9f-1336e3383bf6', 'context': [<snowplow_tracker.self_describing_json.SelfDescribingJson object at 0x7f5e11a623a0>]}
2021-03-31 19:01:35.073164 (Thread-51): sending response (<Response 409 bytes [200 OK]>) to 10.0.12.206
2021-03-31 19:01:36.558822 (Thread-52): handling status request
2021-03-31 19:01:36.559449 (Thread-52): Sending event: {'category': 'dbt', 'action': 'rpc_request', 'label': 'f80e1af3-0f34-47d4-ba9f-1336e3383bf6', 'context': [<snowplow_tracker.self_describing_json.SelfDescribingJson object at 0x7f5e11a62640>]}
2021-03-31 19:01:36.564575 (Thread-52): sending response (<Response 9517 bytes [200 OK]>) to 10.0.44.81
2021-03-31 19:02:20.784437 (Thread-53): handling status request
2021-03-31 19:02:20.785022 (Thread-53): Sending event: {'category': 'dbt', 'action': 'rpc_request', 'label': 'f80e1af3-0f34-47d4-ba9f-1336e3383bf6', 'context': [<snowplow_tracker.self_describing_json.SelfDescribingJson object at 0x7f5e11a62970>]}
2021-03-31 19:02:20.790427 (Thread-53): sending response (<Response 9517 bytes [200 OK]>) to 10.0.0.221
2021-03-31 19:02:23.963184 (Thread-54): Parsing macros/adapters.sql
2021-03-31 19:02:24.002803 (Thread-54): Parsing macros/catalog.sql
2021-03-31 19:02:24.005246 (Thread-54): Parsing macros/materializations/table.sql
2021-03-31 19:02:24.009884 (Thread-54): Parsing macros/materializations/merge.sql
2021-03-31 19:02:24.012553 (Thread-54): Parsing macros/materializations/incremental.sql
2021-03-31 19:02:24.025774 (Thread-54): Parsing macros/materializations/view.sql
2021-03-31 19:02:24.028605 (Thread-54): Parsing macros/core.sql
2021-03-31 19:02:24.032691 (Thread-54): Parsing macros/materializations/helpers.sql
2021-03-31 19:02:24.044002 (Thread-54): Parsing macros/materializations/common/merge.sql
2021-03-31 19:02:24.061181 (Thread-54): Parsing macros/materializations/snapshot/snapshot_merge.sql
2021-03-31 19:02:24.064133 (Thread-54): Parsing macros/materializations/snapshot/strategies.sql
2021-03-31 19:02:24.083544 (Thread-54): Parsing macros/materializations/snapshot/snapshot.sql
2021-03-31 19:02:24.114455 (Thread-54): Parsing macros/materializations/view/create_or_replace_view.sql
2021-03-31 19:02:24.121058 (Thread-54): Parsing macros/materializations/view/view.sql
2021-03-31 19:02:24.129675 (Thread-54): Parsing macros/materializations/seed/seed.sql
2021-03-31 19:02:24.159682 (Thread-54): Parsing macros/materializations/table/table.sql
2021-03-31 19:02:24.167665 (Thread-54): Parsing macros/materializations/incremental/helpers.sql
2021-03-31 19:02:24.170871 (Thread-54): Parsing macros/materializations/incremental/incremental.sql
2021-03-31 19:02:24.177662 (Thread-54): Parsing macros/etc/is_incremental.sql
2021-03-31 19:02:24.179537 (Thread-54): Parsing macros/etc/query.sql
2021-03-31 19:02:24.180734 (Thread-54): Parsing macros/etc/datetime.sql
2021-03-31 19:02:24.192451 (Thread-54): Parsing macros/etc/get_custom_alias.sql
2021-03-31 19:02:24.193554 (Thread-54): Parsing macros/etc/get_custom_database.sql
2021-03-31 19:02:24.195289 (Thread-54): Parsing macros/etc/get_custom_schema.sql
2021-03-31 19:02:24.198408 (Thread-54): Parsing macros/schema_tests/not_null.sql
2021-03-31 19:02:24.201091 (Thread-54): Parsing macros/schema_tests/accepted_values.sql
2021-03-31 19:02:24.205828 (Thread-54): Parsing macros/schema_tests/relationships.sql
2021-03-31 19:02:24.208459 (Thread-54): Parsing macros/schema_tests/unique.sql
2021-03-31 19:02:24.210672 (Thread-54): Parsing macros/adapters/common.sql
2021-03-31 19:02:24.454428 (Thread-54): [WARNING]: Configuration paths exist in your dbt_project.yml file which do not apply to any resources.
There are 1 unused configuration paths:
- models.jaffle_shop

2021-03-31 19:02:24.566935 (Thread-55): handling status request
2021-03-31 19:02:24.567542 (Thread-55): Sending event: {'category': 'dbt', 'action': 'rpc_request', 'label': 'f80e1af3-0f34-47d4-ba9f-1336e3383bf6', 'context': [<snowplow_tracker.self_describing_json.SelfDescribingJson object at 0x7f5e11485ee0>]}
2021-03-31 19:02:24.572733 (Thread-55): sending response (<Response 8535 bytes [200 OK]>) to 10.0.34.79
2021-03-31 19:02:32.122904 (Thread-56): Got an acceptable cached parse result
2021-03-31 19:02:32.280565 (Thread-56): [WARNING]: Configuration paths exist in your dbt_project.yml file which do not apply to any resources.
There are 1 unused configuration paths:
- models.jaffle_shop

2021-03-31 19:02:33.540390 (Thread-57): handling status request
2021-03-31 19:02:33.540860 (Thread-57): Sending event: {'category': 'dbt', 'action': 'rpc_request', 'label': 'f80e1af3-0f34-47d4-ba9f-1336e3383bf6', 'context': [<snowplow_tracker.self_describing_json.SelfDescribingJson object at 0x7f5e11485fa0>]}
2021-03-31 19:02:33.541795 (Thread-57): sending response (<Response 866 bytes [200 OK]>) to 10.0.31.157
2021-03-31 19:02:36.425896 (Thread-58): Got an acceptable cached parse result
2021-03-31 19:02:36.579858 (Thread-58): [WARNING]: Configuration paths exist in your dbt_project.yml file which do not apply to any resources.
There are 1 unused configuration paths:
- models.jaffle_shop

2021-03-31 19:02:37.183922 (Thread-59): handling status request
2021-03-31 19:02:37.184644 (Thread-59): Sending event: {'category': 'dbt', 'action': 'rpc_request', 'label': 'f80e1af3-0f34-47d4-ba9f-1336e3383bf6', 'context': [<snowplow_tracker.self_describing_json.SelfDescribingJson object at 0x7f5e11a18370>]}
2021-03-31 19:02:37.185741 (Thread-59): sending response (<Response 866 bytes [200 OK]>) to 10.0.46.218
2021-03-31 19:02:41.819276 (Thread-60): Got an acceptable cached parse result
2021-03-31 19:02:42.137488 (Thread-60): [WARNING]: Configuration paths exist in your dbt_project.yml file which do not apply to any resources.
There are 1 unused configuration paths:
- models.jaffle_shop

2021-03-31 19:02:43.869783 (Thread-61): handling status request
2021-03-31 19:02:43.870572 (Thread-61): Sending event: {'category': 'dbt', 'action': 'rpc_request', 'label': 'f80e1af3-0f34-47d4-ba9f-1336e3383bf6', 'context': [<snowplow_tracker.self_describing_json.SelfDescribingJson object at 0x7f5e127681f0>]}
2021-03-31 19:02:43.872047 (Thread-61): sending response (<Response 866 bytes [200 OK]>) to 10.0.0.221
2021-03-31 19:02:55.811852 (Thread-62): Got an acceptable cached parse result
2021-03-31 19:02:55.992266 (Thread-62): [WARNING]: Configuration paths exist in your dbt_project.yml file which do not apply to any resources.
There are 1 unused configuration paths:
- models.jaffle_shop

2021-03-31 19:02:56.818258 (Thread-63): handling status request
2021-03-31 19:02:56.818743 (Thread-63): Sending event: {'category': 'dbt', 'action': 'rpc_request', 'label': 'f80e1af3-0f34-47d4-ba9f-1336e3383bf6', 'context': [<snowplow_tracker.self_describing_json.SelfDescribingJson object at 0x7f5e119dd880>]}
2021-03-31 19:02:56.819965 (Thread-63): sending response (<Response 866 bytes [200 OK]>) to 10.0.34.79
2021-03-31 19:03:12.105284 (Thread-64): handling status request
2021-03-31 19:03:12.105824 (Thread-64): Sending event: {'category': 'dbt', 'action': 'rpc_request', 'label': 'f80e1af3-0f34-47d4-ba9f-1336e3383bf6', 'context': [<snowplow_tracker.self_describing_json.SelfDescribingJson object at 0x7f5e114573d0>]}
2021-03-31 19:03:12.107037 (Thread-64): sending response (<Response 866 bytes [200 OK]>) to 10.0.12.206
